2025-08-14 08:40:35,017 - INFO - Ingesting 'begin_inventory.csv' into the database...
2025-08-14 08:40:38,517 - INFO - Table 'begin_inventory' successfully ingested with 206529 rows.
2025-08-14 08:40:38,869 - INFO - Ingesting 'end_inventory.csv' into the database...
2025-08-14 08:40:43,707 - INFO - Table 'end_inventory' successfully ingested with 224489 rows.
2025-08-14 08:40:48,996 - INFO - Ingesting 'purchases.csv' into the database...
2025-08-14 08:41:28,619 - INFO - Table 'purchases' successfully ingested with 2372474 rows.
2025-08-14 08:41:28,738 - INFO - Ingesting 'purchase_prices.csv' into the database...
2025-08-14 08:41:29,156 - INFO - Table 'purchase_prices' successfully ingested with 12261 rows.
2025-08-14 08:41:49,915 - INFO - Ingesting 'sales.csv' into the database...
2025-08-14 08:46:11,415 - INFO - Table 'sales' successfully ingested with 12825363 rows.
2025-08-14 08:46:13,103 - INFO - Ingesting 'vendor_invoice.csv' into the database...
2025-08-14 08:46:13,596 - INFO - Table 'vendor_invoice' successfully ingested with 5543 rows.
2025-08-14 08:46:13,596 - INFO - ------- Ingestion Complete -----------
2025-08-14 08:46:13,596 - INFO - Total Time Taken: 339.04 seconds
2025-08-14 08:46:25,363 - INFO - Creating Vendor Summary Table.....
2025-08-14 08:47:10,441 - INFO -    VendorNumber                   VendorName  Brand              Description  ...  TotalSalesDollars  TotalSalesPrice TotalExciseTax  FreightCost
0          1128  BROWN-FORMAN CORP             1233  Jack Daniels No 7 Black  ...         5101919.51        672819.31      260999.20     68601.68
1          4425        MARTIGNETTI COMPANIES   3405    Tito's Handmade Vodka  ...         4819073.49        561512.37      294438.66    144929.24
2         17035  PERNOD RICARD USA             8068         Absolut 80 Proof  ...         4538120.60        461140.15      343854.07    123780.22
3          3960  DIAGEO NORTH AMERICA INC      4261   Capt Morgan Spiced Rum  ...         4475972.88        420050.01      368242.80    257032.07
4          3960  DIAGEO NORTH AMERICA INC      3545          Ketel One Vodka  ...         4223107.62        545778.28      249587.83    257032.07

[5 rows x 14 columns]
2025-08-14 08:47:10,499 - INFO - Cleaning Data.....
2025-08-14 08:47:10,519 - INFO -    VendorNumber                VendorName  Brand              Description  ...  GrossProfit  ProfitMargin  StockTurnover  SalestoPurchaseRatio
0          1128         BROWN-FORMAN CORP   1233  Jack Daniels No 7 Black  ...   1290667.91     25.297693       0.979108              1.338647
1          4425     MARTIGNETTI COMPANIES   3405    Tito's Handmade Vodka  ...   1015032.27     21.062810       0.976890              1.266830
2         17035         PERNOD RICARD USA   8068         Absolut 80 Proof  ...   1119816.92     24.675786       0.998575              1.327594
3          3960  DIAGEO NORTH AMERICA INC   4261   Capt Morgan Spiced Rum  ...   1214774.94     27.139908       0.993703              1.372493
4          3960  DIAGEO NORTH AMERICA INC   3545          Ketel One Vodka  ...   1199901.61     28.412764       0.983556              1.396897

[5 rows x 18 columns]
2025-08-14 08:47:10,549 - INFO - Ingesting data.....
2025-08-14 08:47:11,308 - INFO - Table 'vendor_sales_summary' successfully ingested with 10692 rows.
2025-08-14 08:47:11,308 - INFO - Completed
